d:\bsd_netstack_to_win\4.4bsd\my_code\bsd_stack_4build_process\x64\debug\bsd_stack.bsc
d:\bsd_netstack_to_win\4.4bsd\my_code\bsd_stack\bsd_stack\x64\debug\vc140.pdb
d:\bsd_netstack_to_win\4.4bsd\my_code\bsd_stack\bsd_stack\x64\debug\vc140.idb
d:\bsd_netstack_to_win\4.4bsd\my_code\bsd_stack\bsd_stack\x64\debug\uipc_mbuf.obj
d:\bsd_netstack_to_win\4.4bsd\my_code\bsd_stack\bsd_stack\x64\debug\init_main.obj
d:\bsd_netstack_to_win\4.4bsd\my_code\bsd_stack\bsd_stack\x64\debug\if.obj
d:\bsd_netstack_to_win\4.4bsd\my_code\bsd_stack\bsd_stack\x64\debug\if_ethersubr.obj
d:\bsd_netstack_to_win\4.4bsd\my_code\bsd_stack\bsd_stack\x64\debug\in.obj
d:\bsd_netstack_to_win\4.4bsd\my_code\bsd_stack\bsd_stack\x64\debug\in_proto.obj
d:\bsd_netstack_to_win\4.4bsd\my_code\bsd_stack\bsd_stack\x64\debug\uipc_domain.obj
d:\bsd_netstack_to_win\4.4bsd\my_code\bsd_stack\bsd_stack\x64\debug\ip_input.obj
d:\bsd_netstack_to_win\4.4bsd\my_code\bsd_stack\bsd_stack\x64\debug\ip_output.obj
d:\bsd_netstack_to_win\4.4bsd\my_code\bsd_stack\bsd_stack\x64\debug\in_cksum.obj
d:\bsd_netstack_to_win\4.4bsd\my_code\bsd_stack\bsd_stack\x64\debug\ip_icmp.obj
d:\bsd_netstack_to_win\4.4bsd\my_code\bsd_stack\bsd_stack\x64\debug\igmp.obj
d:\bsd_netstack_to_win\4.4bsd\my_code\bsd_stack\bsd_stack\x64\debug\ip_mroute.obj
d:\bsd_netstack_to_win\4.4bsd\my_code\bsd_stack\bsd_stack\x64\debug\raw_ip.obj
d:\bsd_netstack_to_win\4.4bsd\my_code\bsd_stack\bsd_stack\x64\debug\tcp_debug.obj
d:\bsd_netstack_to_win\4.4bsd\my_code\bsd_stack\bsd_stack\x64\debug\tcp_output.obj
d:\bsd_netstack_to_win\4.4bsd\my_code\bsd_stack\bsd_stack\x64\debug\tcp_input.obj
d:\bsd_netstack_to_win\4.4bsd\my_code\bsd_stack\bsd_stack\x64\debug\tcp_subr.obj
d:\bsd_netstack_to_win\4.4bsd\my_code\bsd_stack\bsd_stack\x64\debug\tcp_timer.obj
d:\bsd_netstack_to_win\4.4bsd\my_code\bsd_stack\bsd_stack\x64\debug\tcp_usrreq.obj
d:\bsd_netstack_to_win\4.4bsd\my_code\bsd_stack\bsd_stack\x64\debug\udp_usrreq.obj
d:\bsd_netstack_to_win\4.4bsd\my_code\bsd_stack\bsd_stack\x64\debug\uipc_socket.obj
d:\bsd_netstack_to_win\4.4bsd\my_code\bsd_stack\bsd_stack\x64\debug\uipc_syscalls.obj
d:\bsd_netstack_to_win\4.4bsd\my_code\bsd_stack\bsd_stack\x64\debug\sys_generic.obj
d:\bsd_netstack_to_win\4.4bsd\my_code\bsd_stack\bsd_stack\x64\debug\sys_socket.obj
d:\bsd_netstack_to_win\4.4bsd\my_code\bsd_stack\bsd_stack\x64\debug\radix.obj
d:\bsd_netstack_to_win\4.4bsd\my_code\bsd_stack\bsd_stack\x64\debug\route.obj
d:\bsd_netstack_to_win\4.4bsd\my_code\bsd_stack\bsd_stack\x64\debug\raw_usrreq.obj
d:\bsd_netstack_to_win\4.4bsd\my_code\bsd_stack\bsd_stack\x64\debug\rtsock.obj
d:\bsd_netstack_to_win\4.4bsd\my_code\bsd_stack\bsd_stack\x64\debug\if_ether.obj
d:\bsd_netstack_to_win\4.4bsd\my_code\bsd_stack\bsd_stack\x64\debug\in_pcb.obj
d:\bsd_netstack_to_win\4.4bsd\my_code\bsd_stack\bsd_stack\x64\debug\uipc_socket2.obj
d:\bsd_netstack_to_win\4.4bsd\my_code\bsd_stack\bsd_stack\x64\debug\sys_process.obj
d:\bsd_netstack_to_win\4.4bsd\my_code\bsd_stack\bsd_stack\x64\debug\syscalls.obj
d:\bsd_netstack_to_win\4.4bsd\my_code\bsd_stack\bsd_stack\x64\debug\kern_ktrace.obj
d:\bsd_netstack_to_win\4.4bsd\my_code\bsd_stack\bsd_stack\x64\debug\kern_lock.obj
d:\bsd_netstack_to_win\4.4bsd\my_code\bsd_stack\bsd_stack\x64\debug\kern_physio.obj
d:\bsd_netstack_to_win\4.4bsd\my_code\bsd_stack\bsd_stack\x64\debug\kern_exec.obj
d:\bsd_netstack_to_win\4.4bsd\my_code\bsd_stack\bsd_stack\x64\debug\init_sysent.obj
d:\bsd_netstack_to_win\4.4bsd\my_code\bsd_stack\bsd_stack\x64\debug\kern_clock.obj
d:\bsd_netstack_to_win\4.4bsd\my_code\bsd_stack_4build_process\bsd_stack\x64\debug\vc140.pdb
d:\bsd_netstack_to_win\4.4bsd\my_code\bsd_stack_4build_process\bsd_stack\x64\debug\vc140.idb
d:\bsd_netstack_to_win\4.4bsd\my_code\bsd_stack_4build_process\bsd_stack\x64\debug\uipc_mbuf.obj
d:\bsd_netstack_to_win\4.4bsd\my_code\bsd_stack_4build_process\bsd_stack\x64\debug\uipc_mbuf.sbr
d:\bsd_netstack_to_win\4.4bsd\my_code\bsd_stack_4build_process\bsd_stack\x64\debug\interfaces.sbr
d:\bsd_netstack_to_win\4.4bsd\my_code\bsd_stack_4build_process\bsd_stack\x64\debug\interfaces.obj
d:\bsd_netstack_to_win\4.4bsd\my_code\bsd_stack_4build_process\bsd_stack\x64\debug\log.sbr
d:\bsd_netstack_to_win\4.4bsd\my_code\bsd_stack_4build_process\bsd_stack\x64\debug\log.obj
d:\bsd_netstack_to_win\4.4bsd\my_code\bsd_stack_4build_process\x64\debug\bsd_stack.ilk
d:\bsd_netstack_to_win\4.4bsd\my_code\bsd_stack_4build_process\x64\debug\bsd_stack.exe
d:\bsd_netstack_to_win\4.4bsd\my_code\bsd_stack_4build_process\x64\debug\bsd_stack.pdb
d:\bsd_netstack_to_win\4.4bsd\my_code\bsd_stack_4build_process\bsd_stack\x64\debug\if.obj
d:\bsd_netstack_to_win\4.4bsd\my_code\bsd_stack_4build_process\bsd_stack\x64\debug\if_ether.obj
d:\bsd_netstack_to_win\4.4bsd\my_code\bsd_stack_4build_process\bsd_stack\x64\debug\if_ethersubr.obj
d:\bsd_netstack_to_win\4.4bsd\my_code\bsd_stack_4build_process\bsd_stack\x64\debug\igmp.obj
d:\bsd_netstack_to_win\4.4bsd\my_code\bsd_stack_4build_process\bsd_stack\x64\debug\in.obj
d:\bsd_netstack_to_win\4.4bsd\my_code\bsd_stack_4build_process\bsd_stack\x64\debug\init_main.obj
d:\bsd_netstack_to_win\4.4bsd\my_code\bsd_stack_4build_process\bsd_stack\x64\debug\init_sysent.obj
d:\bsd_netstack_to_win\4.4bsd\my_code\bsd_stack_4build_process\bsd_stack\x64\debug\in_cksum.obj
d:\bsd_netstack_to_win\4.4bsd\my_code\bsd_stack_4build_process\bsd_stack\x64\debug\in_pcb.obj
d:\bsd_netstack_to_win\4.4bsd\my_code\bsd_stack_4build_process\bsd_stack\x64\debug\in_proto.obj
d:\bsd_netstack_to_win\4.4bsd\my_code\bsd_stack_4build_process\bsd_stack\x64\debug\ip_icmp.obj
d:\bsd_netstack_to_win\4.4bsd\my_code\bsd_stack_4build_process\bsd_stack\x64\debug\ip_input.obj
d:\bsd_netstack_to_win\4.4bsd\my_code\bsd_stack_4build_process\bsd_stack\x64\debug\ip_mroute.obj
d:\bsd_netstack_to_win\4.4bsd\my_code\bsd_stack_4build_process\bsd_stack\x64\debug\ip_output.obj
d:\bsd_netstack_to_win\4.4bsd\my_code\bsd_stack_4build_process\bsd_stack\x64\debug\kern_clock.obj
d:\bsd_netstack_to_win\4.4bsd\my_code\bsd_stack_4build_process\bsd_stack\x64\debug\kern_exec.obj
d:\bsd_netstack_to_win\4.4bsd\my_code\bsd_stack_4build_process\bsd_stack\x64\debug\kern_ktrace.obj
d:\bsd_netstack_to_win\4.4bsd\my_code\bsd_stack_4build_process\bsd_stack\x64\debug\kern_lock.obj
d:\bsd_netstack_to_win\4.4bsd\my_code\bsd_stack_4build_process\bsd_stack\x64\debug\kern_physio.obj
d:\bsd_netstack_to_win\4.4bsd\my_code\bsd_stack_4build_process\bsd_stack\x64\debug\radix.obj
d:\bsd_netstack_to_win\4.4bsd\my_code\bsd_stack_4build_process\bsd_stack\x64\debug\raw_ip.obj
d:\bsd_netstack_to_win\4.4bsd\my_code\bsd_stack_4build_process\bsd_stack\x64\debug\raw_usrreq.obj
d:\bsd_netstack_to_win\4.4bsd\my_code\bsd_stack_4build_process\bsd_stack\x64\debug\route.obj
d:\bsd_netstack_to_win\4.4bsd\my_code\bsd_stack_4build_process\bsd_stack\x64\debug\rtsock.obj
d:\bsd_netstack_to_win\4.4bsd\my_code\bsd_stack_4build_process\bsd_stack\x64\debug\syscalls.obj
d:\bsd_netstack_to_win\4.4bsd\my_code\bsd_stack_4build_process\bsd_stack\x64\debug\sys_generic.obj
d:\bsd_netstack_to_win\4.4bsd\my_code\bsd_stack_4build_process\bsd_stack\x64\debug\sys_process.obj
d:\bsd_netstack_to_win\4.4bsd\my_code\bsd_stack_4build_process\bsd_stack\x64\debug\sys_socket.obj
d:\bsd_netstack_to_win\4.4bsd\my_code\bsd_stack_4build_process\bsd_stack\x64\debug\tcp_debug.obj
d:\bsd_netstack_to_win\4.4bsd\my_code\bsd_stack_4build_process\bsd_stack\x64\debug\tcp_input.obj
d:\bsd_netstack_to_win\4.4bsd\my_code\bsd_stack_4build_process\bsd_stack\x64\debug\tcp_output.obj
d:\bsd_netstack_to_win\4.4bsd\my_code\bsd_stack_4build_process\bsd_stack\x64\debug\tcp_subr.obj
d:\bsd_netstack_to_win\4.4bsd\my_code\bsd_stack_4build_process\bsd_stack\x64\debug\tcp_timer.obj
d:\bsd_netstack_to_win\4.4bsd\my_code\bsd_stack_4build_process\bsd_stack\x64\debug\tcp_usrreq.obj
d:\bsd_netstack_to_win\4.4bsd\my_code\bsd_stack_4build_process\bsd_stack\x64\debug\udp_usrreq.obj
d:\bsd_netstack_to_win\4.4bsd\my_code\bsd_stack_4build_process\bsd_stack\x64\debug\uipc_domain.obj
d:\bsd_netstack_to_win\4.4bsd\my_code\bsd_stack_4build_process\bsd_stack\x64\debug\uipc_socket.obj
d:\bsd_netstack_to_win\4.4bsd\my_code\bsd_stack_4build_process\bsd_stack\x64\debug\uipc_socket2.obj
d:\bsd_netstack_to_win\4.4bsd\my_code\bsd_stack_4build_process\bsd_stack\x64\debug\uipc_syscalls.obj
d:\bsd_netstack_to_win\4.4bsd\my_code\bsd_stack_4build_process\bsd_stack\x64\debug\bsd_stack.tlog\bscmake.command.1.tlog
d:\bsd_netstack_to_win\4.4bsd\my_code\bsd_stack_4build_process\bsd_stack\x64\debug\bsd_stack.tlog\bscmake.read.1.tlog
d:\bsd_netstack_to_win\4.4bsd\my_code\bsd_stack_4build_process\bsd_stack\x64\debug\bsd_stack.tlog\bscmake.write.1.tlog
d:\bsd_netstack_to_win\4.4bsd\my_code\bsd_stack_4build_process\bsd_stack\x64\debug\bsd_stack.tlog\cl.command.1.tlog
d:\bsd_netstack_to_win\4.4bsd\my_code\bsd_stack_4build_process\bsd_stack\x64\debug\bsd_stack.tlog\cl.read.1.tlog
d:\bsd_netstack_to_win\4.4bsd\my_code\bsd_stack_4build_process\bsd_stack\x64\debug\bsd_stack.tlog\cl.write.1.tlog
d:\bsd_netstack_to_win\4.4bsd\my_code\bsd_stack_4build_process\bsd_stack\x64\debug\bsd_stack.tlog\link.command.1.tlog
d:\bsd_netstack_to_win\4.4bsd\my_code\bsd_stack_4build_process\bsd_stack\x64\debug\bsd_stack.tlog\link.read.1.tlog
d:\bsd_netstack_to_win\4.4bsd\my_code\bsd_stack_4build_process\bsd_stack\x64\debug\bsd_stack.tlog\link.write.1.tlog
